<?xml version="1.0" encoding="UTF-8"?>
<testsuite name="Comprar producto" tests="1" skipped="0" failures="0" errors="0" timestamp="2023-04-02T00:07:42" hostname="DESKTOP-4V0UC4E" time="183.73">
  <properties/>
  <testcase name="Compra de productos" classname="Comprar producto" time="183.73"/>
  <system-out><![CDATA[]]></system-out>
  <system-err><![CDATA[Starting ChromeDriver 111.0.5563.64 (c710e93d5b63b7095afe8c2c17df34408078439d-refs/branch-heads/5563@{#995}) on port 10407
Only local connections are allowed.
Please see https://chromedriver.chromium.org/security-considerations for suggestions on keeping ChromeDriver safe.
ChromeDriver was started successfully.
abr. 01, 2023 7:07:47 P. M. org.openqa.selenium.remote.ProtocolHandshake createSession
INFO: Detected dialect: W3C
abr. 01, 2023 7:07:48 P. M. org.openqa.selenium.remote.DesiredCapabilities chrome
INFO: Using `new ChromeOptions()` is preferred to `DesiredCapabilities.chrome()`
Starting ChromeDriver 111.0.5563.64 (c710e93d5b63b7095afe8c2c17df34408078439d-refs/branch-heads/5563@{#995}) on port 13644
Only local connections are allowed.
Please see https://chromedriver.chromium.org/security-considerations for suggestions on keeping ChromeDriver safe.
ChromeDriver was started successfully.
abr. 01, 2023 7:07:58 P. M. org.openqa.selenium.remote.ProtocolHandshake createSession
INFO: Detected dialect: W3C
abr. 01, 2023 7:08:21 P. M. com.sofkau.stepdefinitions.FlujoCompraStepDefinitions elUsuarioEstaEnLaPaginaPrincipal
INFO: Incio de automatizaciÃ³n flujo de compra falabella
abr. 01, 2023 7:08:33 P. M. com.sofkau.stepdefinitions.FlujoCompraStepDefinitions navegaHastaLaOpcionDeIncioDeSesion
INFO: Incio de sesiÃ³n correcto
abr. 01, 2023 7:08:58 P. M. com.sofkau.stepdefinitions.FlujoCompraStepDefinitions seleccionaElProducto
INFO: Busqueda exitosa
abr. 01, 2023 7:09:35 P. M. com.sofkau.stepdefinitions.FlujoCompraStepDefinitions seleccionaElProducto
INFO: SelecciÃ³n de producto con exito
abr. 01, 2023 7:10:36 P. M. com.sofkau.stepdefinitions.FlujoCompraStepDefinitions seleccionaElProducto
INFO: Medio de pago seleccionado con exito
abr. 01, 2023 7:10:44 P. M. com.sofkau.stepdefinitions.FlujoCompraStepDefinitions debeObservarUnMensajeDeCompraExitosa
INFO: Prueba realizada con exito 
]]></system-err>
</testsuite>
