<?xml version="1.0" encoding="UTF-8"?>
<testsuite name="Comprar producto" tests="1" skipped="0" failures="0" errors="0" timestamp="2023-04-02T03:23:10" hostname="DESKTOP-4V0UC4E" time="69.312">
  <properties/>
  <testcase name="Compra de productos" classname="Comprar producto" time="69.312"/>
  <system-out><![CDATA[]]></system-out>
  <system-err><![CDATA[Starting ChromeDriver 111.0.5563.64 (c710e93d5b63b7095afe8c2c17df34408078439d-refs/branch-heads/5563@{#995}) on port 56642
Only local connections are allowed.
Please see https://chromedriver.chromium.org/security-considerations for suggestions on keeping ChromeDriver safe.
ChromeDriver was started successfully.
abr. 01, 2023 10:23:13 P. M. org.openqa.selenium.remote.ProtocolHandshake createSession
INFO: Detected dialect: W3C
abr. 01, 2023 10:23:13 P. M. org.openqa.selenium.remote.DesiredCapabilities chrome
INFO: Using `new ChromeOptions()` is preferred to `DesiredCapabilities.chrome()`
Starting ChromeDriver 111.0.5563.64 (c710e93d5b63b7095afe8c2c17df34408078439d-refs/branch-heads/5563@{#995}) on port 48048
Only local connections are allowed.
Please see https://chromedriver.chromium.org/security-considerations for suggestions on keeping ChromeDriver safe.
ChromeDriver was started successfully.
abr. 01, 2023 10:23:16 P. M. org.openqa.selenium.remote.ProtocolHandshake createSession
INFO: Detected dialect: W3C
abr. 01, 2023 10:23:23 P. M. com.sofkau.stepdefinitions.FlujoCompraStepDefinitions elUsuarioEstaEnLaPaginaPrincipal
INFO: Incio de automatizaciÃ³n flujo de compra falabella
abr. 01, 2023 10:23:30 P. M. com.sofkau.stepdefinitions.FlujoCompraStepDefinitions navegaHastaLaOpcionDeIncioDeSesion
INFO: Incio de sesiÃ³n correcto
abr. 01, 2023 10:23:40 P. M. com.sofkau.stepdefinitions.FlujoCompraStepDefinitions seleccionaElProducto
INFO: Busqueda exitosa
abr. 01, 2023 10:23:58 P. M. com.sofkau.stepdefinitions.FlujoCompraStepDefinitions seleccionaElProducto
INFO: SelecciÃ³n de producto con exito
abr. 01, 2023 10:24:18 P. M. com.sofkau.stepdefinitions.FlujoCompraStepDefinitions seleccionaElProducto
INFO: Medio de pago seleccionado con exito
abr. 01, 2023 10:24:19 P. M. com.sofkau.stepdefinitions.FlujoCompraStepDefinitions debeObservarUnMensajeDeCompraExitosa
INFO: Prueba realizada con exito 
]]></system-err>
</testsuite>
